<?xml version="1.0" encoding="UTF-8"?>
<!-- Generated by org.testng.reporters.JUnitReportReporter -->
<testsuite hostname="DESKTOP-3OF9PN3" failures="0" tests="1" name="com.hrms.testscripts.TC001" time="10.501" errors="0" timestamp="8 Aug 2022 09:08:40 GMT">
  <testcase classname="com.hrms.testscripts.TC001" name="tc001" time="10.501"/>
</testsuite> <!-- com.hrms.testscripts.TC001 -->
