<?xml version="1.0" encoding="UTF-8"?>
<!-- Generated by org.testng.reporters.JUnitReportReporter -->
<testsuite hostname="DESKTOP-3OF9PN3" failures="0" tests="1" name="com.hrms.testscripts.TC002_AddEmployee" time="11.464" errors="0" timestamp="8 Aug 2022 12:14:05 GMT">
  <testcase classname="com.hrms.testscripts.TC002_AddEmployee" name="addemp" time="11.464"/>
</testsuite> <!-- com.hrms.testscripts.TC002_AddEmployee -->
