<?xml version="1.0" encoding="UTF-8"?>
<!-- Generated by org.testng.reporters.JUnitReportReporter -->
<testsuite hostname="DESKTOP-3OF9PN3" failures="0" tests="1" name="com.hrms.testscripts.TC013_ReportsDefine" time="36.420" errors="0" timestamp="10 Aug 2022 10:15:32 GMT">
  <testcase classname="com.hrms.testscripts.TC013_ReportsDefine" name="definereport" time="36.420"/>
</testsuite> <!-- com.hrms.testscripts.TC013_ReportsDefine -->
