<?xml version="1.0" encoding="UTF-8"?>
<!-- Generated by org.testng.reporters.JUnitReportReporter -->
<testsuite hostname="DESKTOP-3OF9PN3" failures="0" tests="1" name="com.hrms.testscripts.TC015_EmpstatusAdd" time="7.763" errors="0" timestamp="10 Aug 2022 15:04:18 GMT">
  <testcase classname="com.hrms.testscripts.TC015_EmpstatusAdd" name="empadd" time="7.763"/>
</testsuite> <!-- com.hrms.testscripts.TC015_EmpstatusAdd -->
