<?xml version="1.0" encoding="UTF-8"?>
<!-- Generated by org.testng.reporters.JUnitReportReporter -->
<testsuite hostname="DESKTOP-3OF9PN3" failures="0" tests="1" name="com.hrms.testscripts.TC016_EmpstatusDelete" time="7.476" errors="0" timestamp="10 Aug 2022 13:27:30 GMT">
  <testcase classname="com.hrms.testscripts.TC016_EmpstatusDelete" name="status_delete" time="7.476"/>
</testsuite> <!-- com.hrms.testscripts.TC016_EmpstatusDelete -->
