<?xml version="1.0" encoding="UTF-8"?>
<!-- Generated by org.testng.reporters.JUnitReportReporter -->
<testsuite hostname="DESKTOP-3OF9PN3" failures="0" tests="1" name="com.hrms.testscripts.TC003_PersonalDetails" time="11.476" errors="0" timestamp="8 Aug 2022 11:14:01 GMT">
  <testcase classname="com.hrms.testscripts.TC003_PersonalDetails" name="personal" time="11.476"/>
</testsuite> <!-- com.hrms.testscripts.TC003_PersonalDetails -->
