<?xml version="1.0" encoding="UTF-8"?>
<!-- Generated by org.testng.reporters.JUnitReportReporter -->
<testsuite hostname="DESKTOP-3OF9PN3" failures="0" tests="1" name="com.hrms.testscripts.TC004_Job" time="15.288" errors="0" timestamp="8 Aug 2022 13:35:46 GMT">
  <testcase classname="com.hrms.testscripts.TC004_Job" name="job" time="15.288"/>
</testsuite> <!-- com.hrms.testscripts.TC004_Job -->
