<?xml version="1.0" encoding="UTF-8"?>
<!-- Generated by org.testng.reporters.JUnitReportReporter -->
<testsuite hostname="DESKTOP-3OF9PN3" failures="0" tests="1" name="com.hrms.testscripts.TC001LoginLogout_VerifyTitle" time="11.060" errors="0" timestamp="8 Aug 2022 09:46:54 GMT">
  <testcase classname="com.hrms.testscripts.TC001LoginLogout_VerifyTitle" name="tc001" time="11.060"/>
</testsuite> <!-- com.hrms.testscripts.TC001LoginLogout_VerifyTitle -->
