<?xml version="1.0" encoding="UTF-8"?>
<!-- Generated by org.testng.reporters.JUnitReportReporter -->
<testsuite hostname="DESKTOP-3OF9PN3" failures="0" tests="1" name="com.hrms.testscripts.TC007_WorkExperience" time="20.416" errors="0" timestamp="9 Aug 2022 13:44:42 GMT">
  <testcase classname="com.hrms.testscripts.TC007_WorkExperience" name="wk_experience" time="20.416"/>
</testsuite> <!-- com.hrms.testscripts.TC007_WorkExperience -->
