<?xml version="1.0" encoding="UTF-8"?>
<!-- Generated by org.testng.reporters.JUnitReportReporter -->
<testsuite hostname="DESKTOP-3OF9PN3" failures="0" tests="1" name="com.hrms.testscripts.TC005_Salary" time="20.804" errors="0" timestamp="8 Aug 2022 16:18:38 GMT">
  <testcase classname="com.hrms.testscripts.TC005_Salary" name="salary" time="20.804"/>
</testsuite> <!-- com.hrms.testscripts.TC005_Salary -->
