<?xml version="1.0" encoding="UTF-8"?>
<!-- Generated by org.testng.reporters.JUnitReportReporter -->
<testsuite hostname="DESKTOP-3OF9PN3" failures="0" tests="1" name="com.hrms.testscripts.TC012_PerformanceKPI" time="8.999" errors="0" timestamp="10 Aug 2022 10:28:54 GMT">
  <testcase classname="com.hrms.testscripts.TC012_PerformanceKPI" name="kpi" time="8.999"/>
</testsuite> <!-- com.hrms.testscripts.TC012_PerformanceKPI -->
