<?xml version="1.0" encoding="UTF-8"?>
<!-- Generated by org.testng.reporters.JUnitReportReporter -->
<testsuite hostname="DESKTOP-3OF9PN3" failures="0" tests="1" name="com.hrms.testscripts.TC014_JobtitleAdd" time="13.161" errors="0" timestamp="10 Aug 2022 12:44:49 GMT">
  <testcase classname="com.hrms.testscripts.TC014_JobtitleAdd" name="job" time="13.161"/>
</testsuite> <!-- com.hrms.testscripts.TC014_JobtitleAdd -->
