<?xml version="1.0" encoding="UTF-8"?>
<!-- Generated by org.testng.reporters.JUnitReportReporter -->
<testsuite hostname="DESKTOP-3OF9PN3" failures="0" tests="1" name="com.hrms.testscripts.TC008_Addperiod" time="10.690" errors="0" timestamp="10 Aug 2022 11:32:44 GMT">
  <testcase classname="com.hrms.testscripts.TC008_Addperiod" name="addperiod" time="10.690"/>
</testsuite> <!-- com.hrms.testscripts.TC008_Addperiod -->
