<?xml version="1.0" encoding="UTF-8"?>
<!-- Generated by org.testng.reporters.JUnitReportReporter -->
<testsuite hostname="DESKTOP-3OF9PN3" failures="0" tests="1" name="com.hrms.testscripts.TC006_Education" time="16.940" errors="0" timestamp="9 Aug 2022 13:10:43 GMT">
  <testcase classname="com.hrms.testscripts.TC006_Education" name="edu" time="16.940"/>
</testsuite> <!-- com.hrms.testscripts.TC006_Education -->
