<?xml version="1.0" encoding="UTF-8"?>
<!-- Generated by org.testng.reporters.JUnitReportReporter -->
<testsuite hostname="DESKTOP-3OF9PN3" failures="0" tests="1" name="com.hrms.testscripts.TC009_PayrollschDelete" time="14.777" errors="0" timestamp="9 Aug 2022 16:29:59 GMT">
  <testcase classname="com.hrms.testscripts.TC009_PayrollschDelete" name="payrollsch" time="14.777"/>
</testsuite> <!-- com.hrms.testscripts.TC009_PayrollschDelete -->
